Running: C:\Xilinx\14.7\ISE_DS\ISE\bin\nt64\unwrapped\fuse.exe -intstyle ise -incremental -lib unisims_ver -lib unimacro_ver -lib xilinxcorelib_ver -lib secureip -o C:/Users/minaa/Desktop/uni-term3/logiclab_5/logiclab_6_2/tb_comparator8_isim_beh.exe -prj C:/Users/minaa/Desktop/uni-term3/logiclab_5/logiclab_6_2/tb_comparator8_beh.prj work.tb_comparator8 work.glbl 
ISim P.20131013 (signature 0x7708f090)
Number of CPUs detected in this system: 4
Turning on mult-threading, number of parallel sub-compilation jobs: 8 
Determining compilation order of HDL files
Analyzing Verilog file "C:/Users/minaa/Desktop/uni-term3/logiclab_5/logiclab_6_2/comparator3.v" into library work
Analyzing Verilog file "C:/Users/minaa/Desktop/uni-term3/logiclab_5/logiclab_6_2/comparator8.v" into library work
Analyzing Verilog file "C:/Users/minaa/Desktop/uni-term3/logiclab_5/logiclab_6_2/tb_comparator8.v" into library work
Analyzing Verilog file "C:/Xilinx/14.7/ISE_DS/ISE//verilog/src/glbl.v" into library work
Starting static elaboration
Completed static elaboration
Compiling module comparator3
Compiling module comparator8
Compiling module tb_comparator8
Compiling module glbl
Time Resolution for simulation is 1ps.
Waiting for 2 sub-compilation(s) to finish...
Compiled 4 Verilog Units
Built simulation executable C:/Users/minaa/Desktop/uni-term3/logiclab_5/logiclab_6_2/tb_comparator8_isim_beh.exe
Fuse Memory Usage: 26820 KB
Fuse CPU Usage: 702 ms
